2020-03-15 17:26:56,848 [Worker-2: Loading available Gradle versions] INFO  o.e.b.c.i.u.g.PublishedGradleVersions - Gradle version information cache is out-of-date. Trying to update.
2020-03-15 17:26:57,310 [Worker-2: Loading available Gradle versions] INFO  o.e.b.c.i.u.g.PublishedGradleVersions - Updating Gradle version information cache failed. Using outdated cache.
2020-03-15 17:27:54,577 [Worker-4: Creating maven-archetype-quickstart] INFO  o.e.m.c.i.p.ProjectConfigurationManager - Collecting project info '/pom.xml' E:\Satish\Automation\Selenium\15032020\frwk\pom.xml
2020-03-15 17:27:57,212 [Worker-4: Creating maven-archetype-quickstart] INFO  o.e.m.c.i.l.LifecycleMappingFactory - Using org.eclipse.m2e.jdt.JarLifecycleMapping lifecycle mapping for MavenProject: frwk:frwk:0.0.1-SNAPSHOT @ E:\Satish\Automation\Selenium\15032020\frwk\pom.xml.
2020-03-15 17:27:57,796 [Worker-4: Creating maven-archetype-quickstart] INFO  o.e.m.j.i.AbstractJavaProjectConfigurator - Adding source folder /frwk/src/main/java
2020-03-15 17:27:57,803 [Worker-4: Creating maven-archetype-quickstart] INFO  o.e.m.j.i.AbstractJavaProjectConfigurator - Adding source folder /frwk/src/test/java
2020-03-15 17:27:59,286 [Worker-4: Creating maven-archetype-quickstart] INFO  o.e.m.c.i.p.ProjectConfigurationManager - Imported and configured 1 project(s) in 4 sec
2020-03-15 17:28:00,646 [Worker-10: Building workspace] INFO  o.e.m.c.i.embedder.EclipseLogger - Using 'UTF-8' encoding to copy filtered resources.
2020-03-15 17:28:00,646 [Worker-10: Building workspace] INFO  o.e.m.c.i.embedder.EclipseLogger - skip non existing resourceDirectory E:\Satish\Automation\Selenium\15032020\frwk\src\main\resources
2020-03-15 17:28:00,650 [Worker-10: Building workspace] INFO  o.e.m.c.i.embedder.EclipseLogger - Using 'UTF-8' encoding to copy filtered resources.
2020-03-15 17:28:00,651 [Worker-10: Building workspace] INFO  o.e.m.c.i.embedder.EclipseLogger - skip non existing resourceDirectory E:\Satish\Automation\Selenium\15032020\frwk\src\test\resources
2020-03-15 17:28:10,188 [Worker-1: Building workspace] INFO  o.e.m.c.i.embedder.EclipseLogger - Using 'UTF-8' encoding to copy filtered resources.
2020-03-15 17:28:10,188 [Worker-1: Building workspace] INFO  o.e.m.c.i.embedder.EclipseLogger - skip non existing resourceDirectory E:\Satish\Automation\Selenium\15032020\frwk\src\main\resources
2020-03-15 17:28:10,191 [Worker-1: Building workspace] INFO  o.e.m.c.i.embedder.EclipseLogger - Using 'UTF-8' encoding to copy filtered resources.
2020-03-15 17:28:10,191 [Worker-1: Building workspace] INFO  o.e.m.c.i.embedder.EclipseLogger - skip non existing resourceDirectory E:\Satish\Automation\Selenium\15032020\frwk\src\test\resources
2020-03-15 17:28:14,142 [Worker-5: Building workspace] INFO  o.e.m.c.i.embedder.EclipseLogger - Using 'UTF-8' encoding to copy filtered resources.
2020-03-15 17:28:14,143 [Worker-5: Building workspace] INFO  o.e.m.c.i.embedder.EclipseLogger - skip non existing resourceDirectory E:\Satish\Automation\Selenium\15032020\frwk\src\main\resources
2020-03-15 17:28:14,145 [Worker-5: Building workspace] INFO  o.e.m.c.i.embedder.EclipseLogger - Using 'UTF-8' encoding to copy filtered resources.
2020-03-15 17:28:14,145 [Worker-5: Building workspace] INFO  o.e.m.c.i.embedder.EclipseLogger - skip non existing resourceDirectory E:\Satish\Automation\Selenium\15032020\frwk\src\test\resources
2020-03-15 17:28:31,739 [Worker-13: Building workspace] INFO  o.e.m.c.i.embedder.EclipseLogger - Using 'UTF-8' encoding to copy filtered resources.
2020-03-15 17:28:31,739 [Worker-13: Building workspace] INFO  o.e.m.c.i.embedder.EclipseLogger - skip non existing resourceDirectory E:\Satish\Automation\Selenium\15032020\frwk\src\main\resources
2020-03-15 17:28:31,742 [Worker-13: Building workspace] INFO  o.e.m.c.i.embedder.EclipseLogger - Using 'UTF-8' encoding to copy filtered resources.
2020-03-15 17:28:31,742 [Worker-13: Building workspace] INFO  o.e.m.c.i.embedder.EclipseLogger - skip non existing resourceDirectory E:\Satish\Automation\Selenium\15032020\frwk\src\test\resources
2020-03-15 17:28:44,956 [Worker-10: Building workspace] INFO  o.e.m.c.i.embedder.EclipseLogger - Using 'UTF-8' encoding to copy filtered resources.
2020-03-15 17:28:44,956 [Worker-10: Building workspace] INFO  o.e.m.c.i.embedder.EclipseLogger - skip non existing resourceDirectory E:\Satish\Automation\Selenium\15032020\frwk\src\main\resources
2020-03-15 17:28:44,958 [Worker-10: Building workspace] INFO  o.e.m.c.i.embedder.EclipseLogger - Using 'UTF-8' encoding to copy filtered resources.
2020-03-15 17:28:44,958 [Worker-10: Building workspace] INFO  o.e.m.c.i.embedder.EclipseLogger - skip non existing resourceDirectory E:\Satish\Automation\Selenium\15032020\frwk\src\test\resources
2020-03-15 17:29:15,818 [Worker-10: Building workspace] INFO  o.e.m.c.i.embedder.EclipseLogger - Using 'UTF-8' encoding to copy filtered resources.
2020-03-15 17:29:15,819 [Worker-10: Building workspace] INFO  o.e.m.c.i.embedder.EclipseLogger - skip non existing resourceDirectory E:\Satish\Automation\Selenium\15032020\frwk\src\main\resources
2020-03-15 17:29:15,821 [Worker-10: Building workspace] INFO  o.e.m.c.i.embedder.EclipseLogger - Using 'UTF-8' encoding to copy filtered resources.
2020-03-15 17:29:15,821 [Worker-10: Building workspace] INFO  o.e.m.c.i.embedder.EclipseLogger - skip non existing resourceDirectory E:\Satish\Automation\Selenium\15032020\frwk\src\test\resources
2020-03-15 17:29:16,892 [Worker-10: Building workspace] INFO  o.e.m.c.i.embedder.EclipseLogger - Using 'UTF-8' encoding to copy filtered resources.
2020-03-15 17:29:16,893 [Worker-10: Building workspace] INFO  o.e.m.c.i.embedder.EclipseLogger - skip non existing resourceDirectory E:\Satish\Automation\Selenium\15032020\frwk\src\main\resources
2020-03-15 17:29:16,898 [Worker-10: Building workspace] INFO  o.e.m.c.i.embedder.EclipseLogger - Using 'UTF-8' encoding to copy filtered resources.
2020-03-15 17:29:16,898 [Worker-10: Building workspace] INFO  o.e.m.c.i.embedder.EclipseLogger - skip non existing resourceDirectory E:\Satish\Automation\Selenium\15032020\frwk\src\test\resources
2020-03-15 17:29:27,156 [Worker-9: Building workspace] INFO  o.e.m.c.i.embedder.EclipseLogger - Using 'UTF-8' encoding to copy filtered resources.
2020-03-15 17:29:27,156 [Worker-9: Building workspace] INFO  o.e.m.c.i.embedder.EclipseLogger - skip non existing resourceDirectory E:\Satish\Automation\Selenium\15032020\frwk\src\main\resources
2020-03-15 17:29:27,160 [Worker-9: Building workspace] INFO  o.e.m.c.i.embedder.EclipseLogger - Using 'UTF-8' encoding to copy filtered resources.
2020-03-15 17:29:27,161 [Worker-9: Building workspace] INFO  o.e.m.c.i.embedder.EclipseLogger - skip non existing resourceDirectory E:\Satish\Automation\Selenium\15032020\frwk\src\test\resources
2020-03-15 17:30:22,089 [Worker-9: Building workspace] INFO  o.e.m.c.i.l.LifecycleMappingFactory - Using org.eclipse.m2e.jdt.JarLifecycleMapping lifecycle mapping for MavenProject: frwk:frwk:0.0.1-SNAPSHOT @ E:\Satish\Automation\Selenium\15032020\frwk\pom.xml.
2020-03-15 17:30:23,006 [Worker-9: Building workspace] INFO  o.e.m.c.i.embedder.EclipseLogger - Using 'UTF-8' encoding to copy filtered resources.
2020-03-15 17:30:23,006 [Worker-9: Building workspace] INFO  o.e.m.c.i.embedder.EclipseLogger - skip non existing resourceDirectory E:\Satish\Automation\Selenium\15032020\frwk\src\main\resources
2020-03-15 17:30:23,010 [Worker-9: Building workspace] INFO  o.e.m.c.i.embedder.EclipseLogger - Using 'UTF-8' encoding to copy filtered resources.
2020-03-15 17:30:23,010 [Worker-9: Building workspace] INFO  o.e.m.c.i.embedder.EclipseLogger - skip non existing resourceDirectory E:\Satish\Automation\Selenium\15032020\frwk\src\test\resources
2020-03-15 17:30:24,786 [Worker-5: Building workspace] INFO  o.e.m.c.i.embedder.EclipseLogger - Using 'UTF-8' encoding to copy filtered resources.
2020-03-15 17:30:24,786 [Worker-5: Building workspace] INFO  o.e.m.c.i.embedder.EclipseLogger - skip non existing resourceDirectory E:\Satish\Automation\Selenium\15032020\frwk\src\main\resources
2020-03-15 17:30:24,791 [Worker-5: Building workspace] INFO  o.e.m.c.i.embedder.EclipseLogger - Using 'UTF-8' encoding to copy filtered resources.
2020-03-15 17:30:24,791 [Worker-5: Building workspace] INFO  o.e.m.c.i.embedder.EclipseLogger - skip non existing resourceDirectory E:\Satish\Automation\Selenium\15032020\frwk\src\test\resources
2020-03-15 17:30:43,935 [Worker-9: Building workspace] INFO  o.e.m.c.i.embedder.EclipseLogger - Using 'UTF-8' encoding to copy filtered resources.
2020-03-15 17:30:43,936 [Worker-9: Building workspace] INFO  o.e.m.c.i.embedder.EclipseLogger - skip non existing resourceDirectory E:\Satish\Automation\Selenium\15032020\frwk\src\main\resources
2020-03-15 17:30:43,939 [Worker-9: Building workspace] INFO  o.e.m.c.i.embedder.EclipseLogger - Using 'UTF-8' encoding to copy filtered resources.
2020-03-15 17:30:43,939 [Worker-9: Building workspace] INFO  o.e.m.c.i.embedder.EclipseLogger - skip non existing resourceDirectory E:\Satish\Automation\Selenium\15032020\frwk\src\test\resources
2020-03-15 17:31:01,278 [Worker-7: Building workspace] INFO  o.e.m.c.i.embedder.EclipseLogger - Using 'UTF-8' encoding to copy filtered resources.
2020-03-15 17:31:01,279 [Worker-7: Building workspace] INFO  o.e.m.c.i.embedder.EclipseLogger - skip non existing resourceDirectory E:\Satish\Automation\Selenium\15032020\frwk\src\main\resources
2020-03-15 17:31:01,281 [Worker-7: Building workspace] INFO  o.e.m.c.i.embedder.EclipseLogger - Using 'UTF-8' encoding to copy filtered resources.
2020-03-15 17:31:01,281 [Worker-7: Building workspace] INFO  o.e.m.c.i.embedder.EclipseLogger - skip non existing resourceDirectory E:\Satish\Automation\Selenium\15032020\frwk\src\test\resources
2020-03-15 17:31:27,365 [Worker-10: Building workspace] INFO  o.e.m.c.i.embedder.EclipseLogger - Using 'UTF-8' encoding to copy filtered resources.
2020-03-15 17:31:27,366 [Worker-10: Building workspace] INFO  o.e.m.c.i.embedder.EclipseLogger - skip non existing resourceDirectory E:\Satish\Automation\Selenium\15032020\frwk\src\main\resources
2020-03-15 17:31:27,368 [Worker-10: Building workspace] INFO  o.e.m.c.i.embedder.EclipseLogger - Using 'UTF-8' encoding to copy filtered resources.
2020-03-15 17:31:27,368 [Worker-10: Building workspace] INFO  o.e.m.c.i.embedder.EclipseLogger - skip non existing resourceDirectory E:\Satish\Automation\Selenium\15032020\frwk\src\test\resources
2020-03-15 17:31:52,368 [Worker-9: Building workspace] INFO  o.e.m.c.i.embedder.EclipseLogger - Using 'UTF-8' encoding to copy filtered resources.
2020-03-15 17:31:52,368 [Worker-9: Building workspace] INFO  o.e.m.c.i.embedder.EclipseLogger - skip non existing resourceDirectory E:\Satish\Automation\Selenium\15032020\frwk\src\main\resources
2020-03-15 17:31:52,369 [Worker-9: Building workspace] INFO  o.e.m.c.i.embedder.EclipseLogger - Using 'UTF-8' encoding to copy filtered resources.
2020-03-15 17:31:52,369 [Worker-9: Building workspace] INFO  o.e.m.c.i.embedder.EclipseLogger - skip non existing resourceDirectory E:\Satish\Automation\Selenium\15032020\frwk\src\test\resources
2020-03-15 17:32:10,099 [Worker-2: Building workspace] INFO  o.e.m.c.i.embedder.EclipseLogger - Using 'UTF-8' encoding to copy filtered resources.
2020-03-15 17:32:10,100 [Worker-2: Building workspace] INFO  o.e.m.c.i.embedder.EclipseLogger - skip non existing resourceDirectory E:\Satish\Automation\Selenium\15032020\frwk\src\main\resources
2020-03-15 17:32:10,102 [Worker-2: Building workspace] INFO  o.e.m.c.i.embedder.EclipseLogger - Using 'UTF-8' encoding to copy filtered resources.
2020-03-15 17:32:10,102 [Worker-2: Building workspace] INFO  o.e.m.c.i.embedder.EclipseLogger - skip non existing resourceDirectory E:\Satish\Automation\Selenium\15032020\frwk\src\test\resources
2020-03-15 17:32:26,707 [Worker-1: Building workspace] INFO  o.e.m.c.i.embedder.EclipseLogger - Using 'UTF-8' encoding to copy filtered resources.
2020-03-15 17:32:26,707 [Worker-1: Building workspace] INFO  o.e.m.c.i.embedder.EclipseLogger - skip non existing resourceDirectory E:\Satish\Automation\Selenium\15032020\frwk\src\main\resources
2020-03-15 17:32:26,715 [Worker-1: Building workspace] INFO  o.e.m.c.i.embedder.EclipseLogger - Using 'UTF-8' encoding to copy filtered resources.
2020-03-15 17:32:26,719 [Worker-1: Building workspace] INFO  o.e.m.c.i.embedder.EclipseLogger - skip non existing resourceDirectory E:\Satish\Automation\Selenium\15032020\frwk\src\test\resources
2020-03-15 17:32:39,045 [Worker-3: Building workspace] INFO  o.e.m.c.i.embedder.EclipseLogger - Using 'UTF-8' encoding to copy filtered resources.
2020-03-15 17:32:39,045 [Worker-3: Building workspace] INFO  o.e.m.c.i.embedder.EclipseLogger - skip non existing resourceDirectory E:\Satish\Automation\Selenium\15032020\frwk\src\main\resources
2020-03-15 17:32:39,047 [Worker-3: Building workspace] INFO  o.e.m.c.i.embedder.EclipseLogger - Using 'UTF-8' encoding to copy filtered resources.
2020-03-15 17:32:39,047 [Worker-3: Building workspace] INFO  o.e.m.c.i.embedder.EclipseLogger - skip non existing resourceDirectory E:\Satish\Automation\Selenium\15032020\frwk\src\test\resources
2020-03-15 17:32:57,729 [Worker-13: Building workspace] INFO  o.e.m.c.i.embedder.EclipseLogger - Using 'UTF-8' encoding to copy filtered resources.
2020-03-15 17:32:57,730 [Worker-13: Building workspace] INFO  o.e.m.c.i.embedder.EclipseLogger - skip non existing resourceDirectory E:\Satish\Automation\Selenium\15032020\frwk\src\main\resources
2020-03-15 17:32:57,732 [Worker-13: Building workspace] INFO  o.e.m.c.i.embedder.EclipseLogger - Using 'UTF-8' encoding to copy filtered resources.
2020-03-15 17:32:57,732 [Worker-13: Building workspace] INFO  o.e.m.c.i.embedder.EclipseLogger - skip non existing resourceDirectory E:\Satish\Automation\Selenium\15032020\frwk\src\test\resources
2020-03-15 17:35:01,590 [Worker-5: Building workspace] INFO  o.e.m.c.i.embedder.EclipseLogger - Using 'UTF-8' encoding to copy filtered resources.
2020-03-15 17:35:01,591 [Worker-5: Building workspace] INFO  o.e.m.c.i.embedder.EclipseLogger - skip non existing resourceDirectory E:\Satish\Automation\Selenium\15032020\frwk\src\main\resources
2020-03-15 17:35:01,595 [Worker-5: Building workspace] INFO  o.e.m.c.i.embedder.EclipseLogger - Using 'UTF-8' encoding to copy filtered resources.
2020-03-15 17:35:01,595 [Worker-5: Building workspace] INFO  o.e.m.c.i.embedder.EclipseLogger - skip non existing resourceDirectory E:\Satish\Automation\Selenium\15032020\frwk\src\test\resources
2020-03-15 17:36:36,722 [Worker-1: Building workspace] INFO  o.e.m.c.i.embedder.EclipseLogger - Using 'UTF-8' encoding to copy filtered resources.
2020-03-15 17:36:36,723 [Worker-1: Building workspace] INFO  o.e.m.c.i.embedder.EclipseLogger - skip non existing resourceDirectory E:\Satish\Automation\Selenium\15032020\frwk\src\main\resources
2020-03-15 17:36:36,727 [Worker-1: Building workspace] INFO  o.e.m.c.i.embedder.EclipseLogger - Using 'UTF-8' encoding to copy filtered resources.
2020-03-15 17:36:36,727 [Worker-1: Building workspace] INFO  o.e.m.c.i.embedder.EclipseLogger - skip non existing resourceDirectory E:\Satish\Automation\Selenium\15032020\frwk\src\test\resources
2020-03-15 17:39:41,363 [Worker-13: Building workspace] INFO  o.e.m.c.i.embedder.EclipseLogger - Using 'UTF-8' encoding to copy filtered resources.
2020-03-15 17:39:41,364 [Worker-13: Building workspace] INFO  o.e.m.c.i.embedder.EclipseLogger - skip non existing resourceDirectory E:\Satish\Automation\Selenium\15032020\frwk\src\main\resources
2020-03-15 17:39:41,366 [Worker-13: Building workspace] INFO  o.e.m.c.i.embedder.EclipseLogger - Using 'UTF-8' encoding to copy filtered resources.
2020-03-15 17:39:41,366 [Worker-13: Building workspace] INFO  o.e.m.c.i.embedder.EclipseLogger - skip non existing resourceDirectory E:\Satish\Automation\Selenium\15032020\frwk\src\test\resources
2020-03-15 17:40:16,040 [Worker-7: Building workspace] INFO  o.e.m.c.i.embedder.EclipseLogger - Using 'UTF-8' encoding to copy filtered resources.
2020-03-15 17:40:16,040 [Worker-7: Building workspace] INFO  o.e.m.c.i.embedder.EclipseLogger - skip non existing resourceDirectory E:\Satish\Automation\Selenium\15032020\frwk\src\main\resources
2020-03-15 17:40:16,050 [Worker-7: Building workspace] INFO  o.e.m.c.i.embedder.EclipseLogger - Using 'UTF-8' encoding to copy filtered resources.
2020-03-15 17:40:16,050 [Worker-7: Building workspace] INFO  o.e.m.c.i.embedder.EclipseLogger - skip non existing resourceDirectory E:\Satish\Automation\Selenium\15032020\frwk\src\test\resources
2020-03-15 17:40:45,615 [Worker-14: Rebuilding] INFO  o.e.m.c.i.embedder.EclipseLogger - Using 'UTF-8' encoding to copy filtered resources.
2020-03-15 17:40:45,616 [Worker-14: Rebuilding] INFO  o.e.m.c.i.embedder.EclipseLogger - skip non existing resourceDirectory E:\Satish\Automation\Selenium\15032020\frwk\src\main\resources
2020-03-15 17:40:45,617 [Worker-14: Rebuilding] INFO  o.e.m.c.i.embedder.EclipseLogger - Using 'UTF-8' encoding to copy filtered resources.
2020-03-15 17:40:45,618 [Worker-14: Rebuilding] INFO  o.e.m.c.i.embedder.EclipseLogger - skip non existing resourceDirectory E:\Satish\Automation\Selenium\15032020\frwk\src\test\resources
2020-03-15 17:40:49,062 [Worker-0: Building workspace] INFO  o.e.m.c.i.embedder.EclipseLogger - Using 'UTF-8' encoding to copy filtered resources.
2020-03-15 17:40:49,062 [Worker-0: Building workspace] INFO  o.e.m.c.i.embedder.EclipseLogger - skip non existing resourceDirectory E:\Satish\Automation\Selenium\15032020\frwk\src\main\resources
2020-03-15 17:40:49,065 [Worker-0: Building workspace] INFO  o.e.m.c.i.embedder.EclipseLogger - Using 'UTF-8' encoding to copy filtered resources.
2020-03-15 17:40:49,065 [Worker-0: Building workspace] INFO  o.e.m.c.i.embedder.EclipseLogger - skip non existing resourceDirectory E:\Satish\Automation\Selenium\15032020\frwk\src\test\resources
2020-03-15 17:44:28,242 [Worker-0: Launching Executing test in E__Satish_Automation_Selenium_15032020_frwk] INFO  o.e.m.i.launch.MavenLaunchDelegate - E:\Satish\Automation\Selenium\15032020\frwk
2020-03-15 17:44:28,243 [Worker-0: Launching Executing test in E__Satish_Automation_Selenium_15032020_frwk] INFO  o.e.m.i.launch.MavenLaunchDelegate -  mvn -B test
2020-03-15 17:44:50,303 [Worker-1: Building workspace] INFO  o.e.m.c.i.embedder.EclipseLogger - Using 'UTF-8' encoding to copy filtered resources.
2020-03-15 17:44:50,303 [Worker-1: Building workspace] INFO  o.e.m.c.i.embedder.EclipseLogger - skip non existing resourceDirectory E:\Satish\Automation\Selenium\15032020\frwk\src\main\resources
2020-03-15 17:44:50,305 [Worker-1: Building workspace] INFO  o.e.m.c.i.embedder.EclipseLogger - Using 'UTF-8' encoding to copy filtered resources.
2020-03-15 17:44:50,305 [Worker-1: Building workspace] INFO  o.e.m.c.i.embedder.EclipseLogger - skip non existing resourceDirectory E:\Satish\Automation\Selenium\15032020\frwk\src\test\resources
2020-03-15 17:46:17,032 [Worker-1: Building workspace] INFO  o.e.m.c.i.l.LifecycleMappingFactory - Using org.eclipse.m2e.jdt.JarLifecycleMapping lifecycle mapping for MavenProject: frwk:frwk:0.0.1-SNAPSHOT @ E:\Satish\Automation\Selenium\15032020\frwk\pom.xml.
2020-03-15 17:46:17,737 [Worker-1: Building workspace] INFO  o.e.m.c.i.embedder.EclipseLogger - Using 'UTF-8' encoding to copy filtered resources.
2020-03-15 17:46:17,737 [Worker-1: Building workspace] INFO  o.e.m.c.i.embedder.EclipseLogger - skip non existing resourceDirectory E:\Satish\Automation\Selenium\15032020\frwk\src\main\resources
2020-03-15 17:46:17,743 [Worker-1: Building workspace] INFO  o.e.m.c.i.embedder.EclipseLogger - Using 'UTF-8' encoding to copy filtered resources.
2020-03-15 17:46:17,744 [Worker-1: Building workspace] INFO  o.e.m.c.i.embedder.EclipseLogger - skip non existing resourceDirectory E:\Satish\Automation\Selenium\15032020\frwk\src\test\resources
2020-03-15 17:46:37,002 [Worker-14: Launching Executing test in E__Satish_Automation_Selenium_15032020_frwk] INFO  o.e.m.i.launch.MavenLaunchDelegate - E:\Satish\Automation\Selenium\15032020\frwk
2020-03-15 17:46:37,003 [Worker-14: Launching Executing test in E__Satish_Automation_Selenium_15032020_frwk] INFO  o.e.m.i.launch.MavenLaunchDelegate -  mvn -B test
2020-03-15 17:47:27,023 [Worker-0: Building workspace] INFO  o.e.m.c.i.embedder.EclipseLogger - Using 'UTF-8' encoding to copy filtered resources.
2020-03-15 17:47:27,023 [Worker-0: Building workspace] INFO  o.e.m.c.i.embedder.EclipseLogger - skip non existing resourceDirectory E:\Satish\Automation\Selenium\15032020\frwk\src\main\resources
2020-03-15 17:47:27,029 [Worker-0: Building workspace] INFO  o.e.m.c.i.embedder.EclipseLogger - Using 'UTF-8' encoding to copy filtered resources.
2020-03-15 17:47:27,029 [Worker-0: Building workspace] INFO  o.e.m.c.i.embedder.EclipseLogger - skip non existing resourceDirectory E:\Satish\Automation\Selenium\15032020\frwk\src\test\resources
2020-03-15 17:50:28,855 [Worker-1: Launching Executing test in E__Satish_Automation_Selenium_15032020_frwk] INFO  o.e.m.i.launch.MavenLaunchDelegate - E:\Satish\Automation\Selenium\15032020\frwk
2020-03-15 17:50:28,855 [Worker-1: Launching Executing test in E__Satish_Automation_Selenium_15032020_frwk] INFO  o.e.m.i.launch.MavenLaunchDelegate -  mvn -B test
2020-03-15 17:52:21,731 [Worker-16: Building workspace] INFO  o.e.m.c.i.embedder.EclipseLogger - Using 'UTF-8' encoding to copy filtered resources.
2020-03-15 17:52:21,731 [Worker-16: Building workspace] INFO  o.e.m.c.i.embedder.EclipseLogger - skip non existing resourceDirectory E:\Satish\Automation\Selenium\15032020\frwk\src\main\resources
2020-03-15 17:52:21,733 [Worker-16: Building workspace] INFO  o.e.m.c.i.embedder.EclipseLogger - Using 'UTF-8' encoding to copy filtered resources.
2020-03-15 17:52:21,735 [Worker-16: Building workspace] INFO  o.e.m.c.i.embedder.EclipseLogger - skip non existing resourceDirectory E:\Satish\Automation\Selenium\15032020\frwk\src\test\resources
2020-03-15 17:54:36,625 [Worker-20: Building workspace] INFO  o.e.m.c.i.l.LifecycleMappingFactory - Using org.eclipse.m2e.jdt.JarLifecycleMapping lifecycle mapping for MavenProject: frwk:frwk:0.0.1-SNAPSHOT @ E:\Satish\Automation\Selenium\15032020\frwk\pom.xml.
2020-03-15 17:54:38,370 [Worker-20: Building workspace] INFO  o.e.m.c.i.embedder.EclipseLogger - Using 'UTF-8' encoding to copy filtered resources.
2020-03-15 17:54:38,370 [Worker-20: Building workspace] INFO  o.e.m.c.i.embedder.EclipseLogger - skip non existing resourceDirectory E:\Satish\Automation\Selenium\15032020\frwk\src\main\resources
2020-03-15 17:54:38,373 [Worker-20: Building workspace] INFO  o.e.m.c.i.embedder.EclipseLogger - Using 'UTF-8' encoding to copy filtered resources.
2020-03-15 17:54:38,373 [Worker-20: Building workspace] INFO  o.e.m.c.i.embedder.EclipseLogger - skip non existing resourceDirectory E:\Satish\Automation\Selenium\15032020\frwk\src\test\resources
2020-03-15 17:54:59,484 [Worker-16: Building workspace] INFO  o.e.m.c.i.l.LifecycleMappingFactory - Using org.eclipse.m2e.jdt.JarLifecycleMapping lifecycle mapping for MavenProject: frwk:frwk:0.0.1-SNAPSHOT @ E:\Satish\Automation\Selenium\15032020\frwk\pom.xml.
2020-03-15 17:55:00,264 [Worker-16: Building workspace] INFO  o.e.m.c.i.embedder.EclipseLogger - Using 'UTF-8' encoding to copy filtered resources.
2020-03-15 17:55:00,264 [Worker-16: Building workspace] INFO  o.e.m.c.i.embedder.EclipseLogger - skip non existing resourceDirectory E:\Satish\Automation\Selenium\15032020\frwk\src\main\resources
2020-03-15 17:55:00,280 [Worker-16: Building workspace] INFO  o.e.m.c.i.embedder.EclipseLogger - Using 'UTF-8' encoding to copy filtered resources.
2020-03-15 17:55:00,280 [Worker-16: Building workspace] INFO  o.e.m.c.i.embedder.EclipseLogger - skip non existing resourceDirectory E:\Satish\Automation\Selenium\15032020\frwk\src\test\resources
2020-03-15 17:55:10,555 [Worker-1: Launching Executing test in E__Satish_Automation_Selenium_15032020_frwk] INFO  o.e.m.i.launch.MavenLaunchDelegate - E:\Satish\Automation\Selenium\15032020\frwk
2020-03-15 17:55:10,556 [Worker-1: Launching Executing test in E__Satish_Automation_Selenium_15032020_frwk] INFO  o.e.m.i.launch.MavenLaunchDelegate -  mvn -B test
2020-03-15 17:56:39,382 [Worker-0: Building workspace] INFO  o.e.m.c.i.embedder.EclipseLogger - Using 'UTF-8' encoding to copy filtered resources.
2020-03-15 17:56:39,382 [Worker-0: Building workspace] INFO  o.e.m.c.i.embedder.EclipseLogger - skip non existing resourceDirectory E:\Satish\Automation\Selenium\15032020\frwk\src\main\resources
2020-03-15 17:56:39,384 [Worker-0: Building workspace] INFO  o.e.m.c.i.embedder.EclipseLogger - Using 'UTF-8' encoding to copy filtered resources.
2020-03-15 17:56:39,384 [Worker-0: Building workspace] INFO  o.e.m.c.i.embedder.EclipseLogger - skip non existing resourceDirectory E:\Satish\Automation\Selenium\15032020\frwk\src\test\resources
2020-03-15 17:58:43,979 [Worker-20: Building workspace] INFO  o.e.m.c.i.l.LifecycleMappingFactory - Using org.eclipse.m2e.jdt.JarLifecycleMapping lifecycle mapping for MavenProject: frwk:frwk:0.0.1-SNAPSHOT @ E:\Satish\Automation\Selenium\15032020\frwk\pom.xml.
2020-03-15 17:58:44,452 [Worker-20: Building workspace] INFO  o.e.m.c.i.embedder.EclipseLogger - Using 'UTF-8' encoding to copy filtered resources.
2020-03-15 17:58:44,452 [Worker-20: Building workspace] INFO  o.e.m.c.i.embedder.EclipseLogger - skip non existing resourceDirectory E:\Satish\Automation\Selenium\15032020\frwk\src\main\resources
2020-03-15 17:58:44,455 [Worker-20: Building workspace] INFO  o.e.m.c.i.embedder.EclipseLogger - Using 'UTF-8' encoding to copy filtered resources.
2020-03-15 17:58:44,456 [Worker-20: Building workspace] INFO  o.e.m.c.i.embedder.EclipseLogger - skip non existing resourceDirectory E:\Satish\Automation\Selenium\15032020\frwk\src\test\resources
2020-03-15 17:58:51,281 [Worker-17: Building workspace] INFO  o.e.m.c.i.l.LifecycleMappingFactory - Using org.eclipse.m2e.jdt.JarLifecycleMapping lifecycle mapping for MavenProject: frwk:frwk:0.0.1-SNAPSHOT @ E:\Satish\Automation\Selenium\15032020\frwk\pom.xml.
2020-03-15 17:58:52,072 [Worker-17: Building workspace] INFO  o.e.m.c.i.embedder.EclipseLogger - Using 'UTF-8' encoding to copy filtered resources.
2020-03-15 17:58:52,072 [Worker-17: Building workspace] INFO  o.e.m.c.i.embedder.EclipseLogger - skip non existing resourceDirectory E:\Satish\Automation\Selenium\15032020\frwk\src\main\resources
2020-03-15 17:58:52,074 [Worker-17: Building workspace] INFO  o.e.m.c.i.embedder.EclipseLogger - Using 'UTF-8' encoding to copy filtered resources.
2020-03-15 17:58:52,074 [Worker-17: Building workspace] INFO  o.e.m.c.i.embedder.EclipseLogger - skip non existing resourceDirectory E:\Satish\Automation\Selenium\15032020\frwk\src\test\resources
2020-03-15 17:59:31,765 [Worker-18: Building workspace] INFO  o.e.m.c.i.embedder.EclipseLogger - Using 'UTF-8' encoding to copy filtered resources.
2020-03-15 17:59:31,765 [Worker-18: Building workspace] INFO  o.e.m.c.i.embedder.EclipseLogger - skip non existing resourceDirectory E:\Satish\Automation\Selenium\15032020\frwk\src\main\resources
2020-03-15 17:59:31,767 [Worker-18: Building workspace] INFO  o.e.m.c.i.embedder.EclipseLogger - Using 'UTF-8' encoding to copy filtered resources.
2020-03-15 17:59:31,767 [Worker-18: Building workspace] INFO  o.e.m.c.i.embedder.EclipseLogger - skip non existing resourceDirectory E:\Satish\Automation\Selenium\15032020\frwk\src\test\resources
2020-03-15 17:59:43,611 [Worker-17: Launching Executing test in E__Satish_Automation_Selenium_15032020_frwk] INFO  o.e.m.i.launch.MavenLaunchDelegate - E:\Satish\Automation\Selenium\15032020\frwk
2020-03-15 17:59:43,611 [Worker-17: Launching Executing test in E__Satish_Automation_Selenium_15032020_frwk] INFO  o.e.m.i.launch.MavenLaunchDelegate -  mvn -B test
2020-03-15 18:00:56,351 [Worker-21: Building workspace] INFO  o.e.m.c.i.embedder.EclipseLogger - Using 'UTF-8' encoding to copy filtered resources.
2020-03-15 18:00:56,351 [Worker-21: Building workspace] INFO  o.e.m.c.i.embedder.EclipseLogger - skip non existing resourceDirectory E:\Satish\Automation\Selenium\15032020\frwk\src\main\resources
2020-03-15 18:00:56,353 [Worker-21: Building workspace] INFO  o.e.m.c.i.embedder.EclipseLogger - Using 'UTF-8' encoding to copy filtered resources.
2020-03-15 18:00:56,353 [Worker-21: Building workspace] INFO  o.e.m.c.i.embedder.EclipseLogger - skip non existing resourceDirectory E:\Satish\Automation\Selenium\15032020\frwk\src\test\resources
2020-03-15 18:10:43,230 [Worker-18: Updating Maven Project] INFO  o.e.m.c.i.p.ProjectConfigurationManager - Update started
2020-03-15 18:10:43,661 [Worker-18: Updating Maven Project] INFO  o.e.m.c.i.l.LifecycleMappingFactory - Using org.eclipse.m2e.jdt.JarLifecycleMapping lifecycle mapping for MavenProject: frwk:frwk:0.0.1-SNAPSHOT @ E:\Satish\Automation\Selenium\15032020\frwk\pom.xml.
2020-03-15 18:10:44,164 [Worker-18: Updating Maven Project] INFO  o.e.m.j.i.AbstractJavaProjectConfigurator - Adding source folder /frwk/src/main/java
2020-03-15 18:10:44,165 [Worker-18: Updating Maven Project] INFO  o.e.m.j.i.AbstractJavaProjectConfigurator - Adding source folder /frwk/src/test/java
2020-03-15 18:10:44,975 [Worker-18: Updating Maven Project] INFO  o.e.m.c.i.p.ProjectConfigurationManager - Update completed: 1 sec
2020-03-15 18:10:45,731 [Worker-18: Building workspace] INFO  o.e.m.c.i.embedder.EclipseLogger - Using 'UTF-8' encoding to copy filtered resources.
2020-03-15 18:10:45,731 [Worker-18: Building workspace] INFO  o.e.m.c.i.embedder.EclipseLogger - skip non existing resourceDirectory E:\Satish\Automation\Selenium\15032020\frwk\src\main\resources
2020-03-15 18:10:45,734 [Worker-18: Building workspace] INFO  o.e.m.c.i.embedder.EclipseLogger - Using 'UTF-8' encoding to copy filtered resources.
2020-03-15 18:10:45,734 [Worker-18: Building workspace] INFO  o.e.m.c.i.embedder.EclipseLogger - skip non existing resourceDirectory E:\Satish\Automation\Selenium\15032020\frwk\src\test\resources
2020-03-15 18:12:07,170 [Worker-26: Launching Executing test in E__Satish_Automation_Selenium_15032020_frwk] INFO  o.e.m.i.launch.MavenLaunchDelegate - E:\Satish\Automation\Selenium\15032020\frwk
2020-03-15 18:12:07,170 [Worker-26: Launching Executing test in E__Satish_Automation_Selenium_15032020_frwk] INFO  o.e.m.i.launch.MavenLaunchDelegate -  mvn -B test
2020-03-15 18:14:06,212 [Worker-18: Building workspace] INFO  o.e.m.c.i.embedder.EclipseLogger - Using 'UTF-8' encoding to copy filtered resources.
2020-03-15 18:14:06,228 [Worker-18: Building workspace] INFO  o.e.m.c.i.embedder.EclipseLogger - skip non existing resourceDirectory E:\Satish\Automation\Selenium\15032020\frwk\src\main\resources
2020-03-15 18:14:06,229 [Worker-18: Building workspace] INFO  o.e.m.c.i.embedder.EclipseLogger - Using 'UTF-8' encoding to copy filtered resources.
2020-03-15 18:14:06,229 [Worker-18: Building workspace] INFO  o.e.m.c.i.embedder.EclipseLogger - skip non existing resourceDirectory E:\Satish\Automation\Selenium\15032020\frwk\src\test\resources
2020-03-15 18:17:52,129 [Worker-23: Building workspace] INFO  o.e.m.c.i.e.AbstractTransferListenerAdapter - Downloading https://repo.maven.apache.org/maven2/org/apache/maven/plugins/maven-surefire-plugin/3.0.0-M4/maven-surefire-plugin-3.0.0-M4.jar
2020-03-15 18:17:53,362 [Worker-23: Building workspace] INFO  o.e.m.c.i.e.AbstractTransferListenerAdapter - Downloaded https://repo.maven.apache.org/maven2/org/apache/maven/plugins/maven-surefire-plugin/3.0.0-M4/maven-surefire-plugin-3.0.0-M4.jar
2020-03-15 18:17:56,403 [Worker-23: Building workspace] INFO  o.e.m.c.i.l.LifecycleMappingFactory - Using org.eclipse.m2e.jdt.JarLifecycleMapping lifecycle mapping for MavenProject: frwk:frwk:0.0.1-SNAPSHOT @ E:\Satish\Automation\Selenium\15032020\frwk\pom.xml.
2020-03-15 18:17:59,630 [Worker-23: Building workspace] INFO  o.e.m.c.i.embedder.EclipseLogger - Using 'UTF-8' encoding to copy filtered resources.
2020-03-15 18:17:59,630 [Worker-23: Building workspace] INFO  o.e.m.c.i.embedder.EclipseLogger - skip non existing resourceDirectory E:\Satish\Automation\Selenium\15032020\frwk\src\main\resources
2020-03-15 18:17:59,633 [Worker-23: Building workspace] INFO  o.e.m.c.i.embedder.EclipseLogger - Using 'UTF-8' encoding to copy filtered resources.
2020-03-15 18:17:59,634 [Worker-23: Building workspace] INFO  o.e.m.c.i.embedder.EclipseLogger - skip non existing resourceDirectory E:\Satish\Automation\Selenium\15032020\frwk\src\test\resources
2020-03-15 18:18:07,453 [Worker-26: Launching Executing test in E__Satish_Automation_Selenium_15032020_frwk] INFO  o.e.m.i.launch.MavenLaunchDelegate - E:\Satish\Automation\Selenium\15032020\frwk
2020-03-15 18:18:07,454 [Worker-26: Launching Executing test in E__Satish_Automation_Selenium_15032020_frwk] INFO  o.e.m.i.launch.MavenLaunchDelegate -  mvn -B test
2020-03-15 18:20:45,101 [Worker-28: Building workspace] INFO  o.e.m.c.i.embedder.EclipseLogger - Using 'UTF-8' encoding to copy filtered resources.
2020-03-15 18:20:45,101 [Worker-28: Building workspace] INFO  o.e.m.c.i.embedder.EclipseLogger - skip non existing resourceDirectory E:\Satish\Automation\Selenium\15032020\frwk\src\main\resources
2020-03-15 18:20:45,124 [Worker-28: Building workspace] INFO  o.e.m.c.i.embedder.EclipseLogger - Using 'UTF-8' encoding to copy filtered resources.
2020-03-15 18:20:45,124 [Worker-28: Building workspace] INFO  o.e.m.c.i.embedder.EclipseLogger - skip non existing resourceDirectory E:\Satish\Automation\Selenium\15032020\frwk\src\test\resources
2020-03-15 18:21:31,145 [Worker-28: Building workspace] INFO  o.e.m.c.i.l.LifecycleMappingFactory - Using org.eclipse.m2e.jdt.JarLifecycleMapping lifecycle mapping for MavenProject: frwk:frwk:0.0.1-SNAPSHOT @ E:\Satish\Automation\Selenium\15032020\frwk\pom.xml.
2020-03-15 18:21:33,814 [Worker-28: Building workspace] INFO  o.e.m.c.i.embedder.EclipseLogger - Using 'UTF-8' encoding to copy filtered resources.
2020-03-15 18:21:33,814 [Worker-28: Building workspace] INFO  o.e.m.c.i.embedder.EclipseLogger - skip non existing resourceDirectory E:\Satish\Automation\Selenium\15032020\frwk\src\main\resources
2020-03-15 18:21:33,817 [Worker-28: Building workspace] INFO  o.e.m.c.i.embedder.EclipseLogger - Using 'UTF-8' encoding to copy filtered resources.
2020-03-15 18:21:33,817 [Worker-28: Building workspace] INFO  o.e.m.c.i.embedder.EclipseLogger - skip non existing resourceDirectory E:\Satish\Automation\Selenium\15032020\frwk\src\test\resources
2020-03-15 18:22:35,713 [Worker-22: Building workspace] INFO  o.e.m.c.i.l.LifecycleMappingFactory - Using org.eclipse.m2e.jdt.JarLifecycleMapping lifecycle mapping for MavenProject: frwk:frwk:0.0.1-SNAPSHOT @ E:\Satish\Automation\Selenium\15032020\frwk\pom.xml.
2020-03-15 18:22:36,323 [Worker-22: Building workspace] INFO  o.e.m.c.i.embedder.EclipseLogger - Using 'UTF-8' encoding to copy filtered resources.
2020-03-15 18:22:36,324 [Worker-22: Building workspace] INFO  o.e.m.c.i.embedder.EclipseLogger - skip non existing resourceDirectory E:\Satish\Automation\Selenium\15032020\frwk\src\main\resources
2020-03-15 18:22:36,326 [Worker-22: Building workspace] INFO  o.e.m.c.i.embedder.EclipseLogger - Using 'UTF-8' encoding to copy filtered resources.
2020-03-15 18:22:36,326 [Worker-22: Building workspace] INFO  o.e.m.c.i.embedder.EclipseLogger - skip non existing resourceDirectory E:\Satish\Automation\Selenium\15032020\frwk\src\test\resources
2020-03-15 18:22:45,618 [Worker-28: Launching Executing test in E__Satish_Automation_Selenium_15032020_frwk] INFO  o.e.m.i.launch.MavenLaunchDelegate - E:\Satish\Automation\Selenium\15032020\frwk
2020-03-15 18:22:45,619 [Worker-28: Launching Executing test in E__Satish_Automation_Selenium_15032020_frwk] INFO  o.e.m.i.launch.MavenLaunchDelegate -  mvn -B test
2020-03-15 18:23:50,553 [Worker-23: Building workspace] INFO  o.e.m.c.i.embedder.EclipseLogger - Using 'UTF-8' encoding to copy filtered resources.
2020-03-15 18:23:50,553 [Worker-23: Building workspace] INFO  o.e.m.c.i.embedder.EclipseLogger - skip non existing resourceDirectory E:\Satish\Automation\Selenium\15032020\frwk\src\main\resources
2020-03-15 18:23:50,573 [Worker-23: Building workspace] INFO  o.e.m.c.i.embedder.EclipseLogger - Using 'UTF-8' encoding to copy filtered resources.
2020-03-15 18:23:50,574 [Worker-23: Building workspace] INFO  o.e.m.c.i.embedder.EclipseLogger - skip non existing resourceDirectory E:\Satish\Automation\Selenium\15032020\frwk\src\test\resources
2020-03-15 18:27:38,092 [Worker-29: Building workspace] INFO  o.e.m.c.i.l.LifecycleMappingFactory - Using org.eclipse.m2e.jdt.JarLifecycleMapping lifecycle mapping for MavenProject: frwk:frwk:0.0.1-SNAPSHOT @ E:\Satish\Automation\Selenium\15032020\frwk\pom.xml.
2020-03-15 18:27:38,703 [Worker-29: Building workspace] INFO  o.e.m.c.i.embedder.EclipseLogger - Using 'UTF-8' encoding to copy filtered resources.
2020-03-15 18:27:38,703 [Worker-29: Building workspace] INFO  o.e.m.c.i.embedder.EclipseLogger - skip non existing resourceDirectory E:\Satish\Automation\Selenium\15032020\frwk\src\main\resources
2020-03-15 18:27:38,705 [Worker-29: Building workspace] INFO  o.e.m.c.i.embedder.EclipseLogger - Using 'UTF-8' encoding to copy filtered resources.
2020-03-15 18:27:38,721 [Worker-29: Building workspace] INFO  o.e.m.c.i.embedder.EclipseLogger - skip non existing resourceDirectory E:\Satish\Automation\Selenium\15032020\frwk\src\test\resources
2020-03-15 18:27:48,446 [Worker-29: Launching Executing test in E__Satish_Automation_Selenium_15032020_frwk] INFO  o.e.m.i.launch.MavenLaunchDelegate - E:\Satish\Automation\Selenium\15032020\frwk
2020-03-15 18:27:48,447 [Worker-29: Launching Executing test in E__Satish_Automation_Selenium_15032020_frwk] INFO  o.e.m.i.launch.MavenLaunchDelegate -  mvn -B test
2020-03-15 18:28:41,878 [Worker-30: Building workspace] INFO  o.e.m.c.i.embedder.EclipseLogger - Using 'UTF-8' encoding to copy filtered resources.
2020-03-15 18:28:41,878 [Worker-30: Building workspace] INFO  o.e.m.c.i.embedder.EclipseLogger - skip non existing resourceDirectory E:\Satish\Automation\Selenium\15032020\frwk\src\main\resources
2020-03-15 18:28:41,879 [Worker-30: Building workspace] INFO  o.e.m.c.i.embedder.EclipseLogger - Using 'UTF-8' encoding to copy filtered resources.
2020-03-15 18:28:41,879 [Worker-30: Building workspace] INFO  o.e.m.c.i.embedder.EclipseLogger - skip non existing resourceDirectory E:\Satish\Automation\Selenium\15032020\frwk\src\test\resources
2020-03-15 18:44:16,860 [Worker-37: Building workspace] INFO  o.e.m.c.i.l.LifecycleMappingFactory - Using org.eclipse.m2e.jdt.JarLifecycleMapping lifecycle mapping for MavenProject: sel.hybd.test:frmwk:0.0.1-SNAPSHOT @ E:\Satish\Automation\Selenium\15032020\frwk\pom.xml.
2020-03-15 18:44:20,304 [Worker-37: Building workspace] INFO  o.e.m.c.i.embedder.EclipseLogger - Using 'UTF-8' encoding to copy filtered resources.
2020-03-15 18:44:20,305 [Worker-37: Building workspace] INFO  o.e.m.c.i.embedder.EclipseLogger - skip non existing resourceDirectory E:\Satish\Automation\Selenium\15032020\frwk\src\main\resources
2020-03-15 18:44:20,308 [Worker-37: Building workspace] INFO  o.e.m.c.i.embedder.EclipseLogger - Using 'UTF-8' encoding to copy filtered resources.
2020-03-15 18:44:20,308 [Worker-37: Building workspace] INFO  o.e.m.c.i.embedder.EclipseLogger - skip non existing resourceDirectory E:\Satish\Automation\Selenium\15032020\frwk\src\test\resources
2020-03-15 18:44:22,197 [Worker-36: Building workspace] INFO  o.e.m.c.i.embedder.EclipseLogger - Using 'UTF-8' encoding to copy filtered resources.
2020-03-15 18:44:22,198 [Worker-36: Building workspace] INFO  o.e.m.c.i.embedder.EclipseLogger - skip non existing resourceDirectory E:\Satish\Automation\Selenium\15032020\frwk\src\main\resources
2020-03-15 18:44:22,199 [Worker-36: Building workspace] INFO  o.e.m.c.i.embedder.EclipseLogger - Using 'UTF-8' encoding to copy filtered resources.
2020-03-15 18:44:22,200 [Worker-36: Building workspace] INFO  o.e.m.c.i.embedder.EclipseLogger - skip non existing resourceDirectory E:\Satish\Automation\Selenium\15032020\frwk\src\test\resources
2020-03-15 18:45:41,319 [Worker-35: Building workspace] INFO  o.e.m.c.i.embedder.EclipseLogger - Using 'UTF-8' encoding to copy filtered resources.
2020-03-15 18:45:41,319 [Worker-35: Building workspace] INFO  o.e.m.c.i.embedder.EclipseLogger - skip non existing resourceDirectory E:\Satish\Automation\Selenium\15032020\frwk\src\main\resources
2020-03-15 18:45:41,320 [Worker-35: Building workspace] INFO  o.e.m.c.i.embedder.EclipseLogger - Using 'UTF-8' encoding to copy filtered resources.
2020-03-15 18:45:41,320 [Worker-35: Building workspace] INFO  o.e.m.c.i.embedder.EclipseLogger - skip non existing resourceDirectory E:\Satish\Automation\Selenium\15032020\frwk\src\test\resources
2020-03-15 18:45:48,870 [Worker-34: Building workspace] INFO  o.e.m.c.i.embedder.EclipseLogger - Using 'UTF-8' encoding to copy filtered resources.
2020-03-15 18:45:48,870 [Worker-34: Building workspace] INFO  o.e.m.c.i.embedder.EclipseLogger - skip non existing resourceDirectory E:\Satish\Automation\Selenium\15032020\frwk\src\main\resources
2020-03-15 18:45:48,904 [Worker-34: Building workspace] INFO  o.e.m.c.i.embedder.EclipseLogger - Using 'UTF-8' encoding to copy filtered resources.
2020-03-15 18:45:48,905 [Worker-34: Building workspace] INFO  o.e.m.c.i.embedder.EclipseLogger - skip non existing resourceDirectory E:\Satish\Automation\Selenium\15032020\frwk\src\test\resources
2020-03-15 18:46:30,292 [Worker-37: Building workspace] INFO  o.e.m.c.i.embedder.EclipseLogger - Using 'UTF-8' encoding to copy filtered resources.
2020-03-15 18:46:30,293 [Worker-37: Building workspace] INFO  o.e.m.c.i.embedder.EclipseLogger - skip non existing resourceDirectory E:\Satish\Automation\Selenium\15032020\frwk\src\main\resources
2020-03-15 18:46:30,294 [Worker-37: Building workspace] INFO  o.e.m.c.i.embedder.EclipseLogger - Using 'UTF-8' encoding to copy filtered resources.
2020-03-15 18:46:30,294 [Worker-37: Building workspace] INFO  o.e.m.c.i.embedder.EclipseLogger - skip non existing resourceDirectory E:\Satish\Automation\Selenium\15032020\frwk\src\test\resources
2020-03-15 18:47:57,640 [Worker-34: Building workspace] INFO  o.e.m.c.i.embedder.EclipseLogger - Using 'UTF-8' encoding to copy filtered resources.
2020-03-15 18:47:57,641 [Worker-34: Building workspace] INFO  o.e.m.c.i.embedder.EclipseLogger - skip non existing resourceDirectory E:\Satish\Automation\Selenium\15032020\frwk\src\main\resources
2020-03-15 18:47:57,642 [Worker-34: Building workspace] INFO  o.e.m.c.i.embedder.EclipseLogger - Using 'UTF-8' encoding to copy filtered resources.
2020-03-15 18:47:57,643 [Worker-34: Building workspace] INFO  o.e.m.c.i.embedder.EclipseLogger - skip non existing resourceDirectory E:\Satish\Automation\Selenium\15032020\frwk\src\test\resources
2020-03-15 18:48:26,898 [Worker-37: Building workspace] INFO  o.e.m.c.i.embedder.EclipseLogger - Using 'UTF-8' encoding to copy filtered resources.
2020-03-15 18:48:26,898 [Worker-37: Building workspace] INFO  o.e.m.c.i.embedder.EclipseLogger - skip non existing resourceDirectory E:\Satish\Automation\Selenium\15032020\frwk\src\main\resources
2020-03-15 18:48:26,903 [Worker-37: Building workspace] INFO  o.e.m.c.i.embedder.EclipseLogger - Using 'UTF-8' encoding to copy filtered resources.
2020-03-15 18:48:26,903 [Worker-37: Building workspace] INFO  o.e.m.c.i.embedder.EclipseLogger - skip non existing resourceDirectory E:\Satish\Automation\Selenium\15032020\frwk\src\test\resources
2020-03-15 18:48:58,128 [Worker-35: Building workspace] INFO  o.e.m.c.i.embedder.EclipseLogger - Using 'UTF-8' encoding to copy filtered resources.
2020-03-15 18:48:58,129 [Worker-35: Building workspace] INFO  o.e.m.c.i.embedder.EclipseLogger - skip non existing resourceDirectory E:\Satish\Automation\Selenium\15032020\frwk\src\main\resources
2020-03-15 18:48:58,132 [Worker-35: Building workspace] INFO  o.e.m.c.i.embedder.EclipseLogger - Using 'UTF-8' encoding to copy filtered resources.
2020-03-15 18:48:58,132 [Worker-35: Building workspace] INFO  o.e.m.c.i.embedder.EclipseLogger - skip non existing resourceDirectory E:\Satish\Automation\Selenium\15032020\frwk\src\test\resources
2020-03-15 18:49:11,095 [Worker-36: Building workspace] INFO  o.e.m.c.i.embedder.EclipseLogger - Using 'UTF-8' encoding to copy filtered resources.
2020-03-15 18:49:11,096 [Worker-36: Building workspace] INFO  o.e.m.c.i.embedder.EclipseLogger - skip non existing resourceDirectory E:\Satish\Automation\Selenium\15032020\frwk\src\main\resources
2020-03-15 18:49:11,097 [Worker-36: Building workspace] INFO  o.e.m.c.i.embedder.EclipseLogger - Using 'UTF-8' encoding to copy filtered resources.
2020-03-15 18:49:11,098 [Worker-36: Building workspace] INFO  o.e.m.c.i.embedder.EclipseLogger - skip non existing resourceDirectory E:\Satish\Automation\Selenium\15032020\frwk\src\test\resources
2020-03-15 18:49:18,613 [Worker-34: Building workspace] INFO  o.e.m.c.i.embedder.EclipseLogger - Using 'UTF-8' encoding to copy filtered resources.
2020-03-15 18:49:18,614 [Worker-34: Building workspace] INFO  o.e.m.c.i.embedder.EclipseLogger - skip non existing resourceDirectory E:\Satish\Automation\Selenium\15032020\frwk\src\main\resources
2020-03-15 18:49:18,616 [Worker-34: Building workspace] INFO  o.e.m.c.i.embedder.EclipseLogger - Using 'UTF-8' encoding to copy filtered resources.
2020-03-15 18:49:18,616 [Worker-34: Building workspace] INFO  o.e.m.c.i.embedder.EclipseLogger - skip non existing resourceDirectory E:\Satish\Automation\Selenium\15032020\frwk\src\test\resources
2020-03-15 18:51:37,840 [Worker-39: Building workspace] INFO  o.e.m.c.i.l.LifecycleMappingFactory - Using org.eclipse.m2e.jdt.JarLifecycleMapping lifecycle mapping for MavenProject: frwk:frwk:0.0.1-SNAPSHOT @ E:\Satish\Automation\Selenium\15032020\frwk\pom.xml.
2020-03-15 18:51:39,900 [Worker-39: Building workspace] INFO  o.e.m.c.i.embedder.EclipseLogger - Using 'UTF-8' encoding to copy filtered resources.
2020-03-15 18:51:39,900 [Worker-39: Building workspace] INFO  o.e.m.c.i.embedder.EclipseLogger - skip non existing resourceDirectory E:\Satish\Automation\Selenium\15032020\frwk\src\main\resources
2020-03-15 18:51:39,902 [Worker-39: Building workspace] INFO  o.e.m.c.i.embedder.EclipseLogger - Using 'UTF-8' encoding to copy filtered resources.
2020-03-15 18:51:39,902 [Worker-39: Building workspace] INFO  o.e.m.c.i.embedder.EclipseLogger - skip non existing resourceDirectory E:\Satish\Automation\Selenium\15032020\frwk\src\test\resources
2020-03-15 18:51:41,891 [Worker-39: Building workspace] INFO  o.e.m.c.i.embedder.EclipseLogger - Using 'UTF-8' encoding to copy filtered resources.
2020-03-15 18:51:41,891 [Worker-39: Building workspace] INFO  o.e.m.c.i.embedder.EclipseLogger - skip non existing resourceDirectory E:\Satish\Automation\Selenium\15032020\frwk\src\main\resources
2020-03-15 18:51:41,893 [Worker-39: Building workspace] INFO  o.e.m.c.i.embedder.EclipseLogger - Using 'UTF-8' encoding to copy filtered resources.
2020-03-15 18:51:41,893 [Worker-39: Building workspace] INFO  o.e.m.c.i.embedder.EclipseLogger - skip non existing resourceDirectory E:\Satish\Automation\Selenium\15032020\frwk\src\test\resources
2020-03-15 18:52:07,190 [Worker-35: Building workspace] INFO  o.e.m.c.i.embedder.EclipseLogger - Using 'UTF-8' encoding to copy filtered resources.
2020-03-15 18:52:07,190 [Worker-35: Building workspace] INFO  o.e.m.c.i.embedder.EclipseLogger - skip non existing resourceDirectory E:\Satish\Automation\Selenium\15032020\frwk\src\main\resources
2020-03-15 18:52:07,191 [Worker-35: Building workspace] INFO  o.e.m.c.i.embedder.EclipseLogger - Using 'UTF-8' encoding to copy filtered resources.
2020-03-15 18:52:07,191 [Worker-35: Building workspace] INFO  o.e.m.c.i.embedder.EclipseLogger - skip non existing resourceDirectory E:\Satish\Automation\Selenium\15032020\frwk\src\test\resources
2020-03-15 18:53:31,622 [Worker-36: Building workspace] INFO  o.e.m.c.i.embedder.EclipseLogger - Using 'UTF-8' encoding to copy filtered resources.
2020-03-15 18:53:31,622 [Worker-36: Building workspace] INFO  o.e.m.c.i.embedder.EclipseLogger - skip non existing resourceDirectory E:\Satish\Automation\Selenium\15032020\frwk\src\main\resources
2020-03-15 18:53:31,623 [Worker-36: Building workspace] INFO  o.e.m.c.i.embedder.EclipseLogger - Using 'UTF-8' encoding to copy filtered resources.
2020-03-15 18:53:31,623 [Worker-36: Building workspace] INFO  o.e.m.c.i.embedder.EclipseLogger - skip non existing resourceDirectory E:\Satish\Automation\Selenium\15032020\frwk\src\test\resources
2020-03-15 18:54:16,821 [Worker-36: Building workspace] INFO  o.e.m.c.i.l.LifecycleMappingFactory - Using org.eclipse.m2e.jdt.JarLifecycleMapping lifecycle mapping for MavenProject: frwk:frwk:0.0.1-SNAPSHOT @ E:\Satish\Automation\Selenium\15032020\frwk\pom.xml.
2020-03-15 18:54:17,579 [Worker-36: Building workspace] INFO  o.e.m.c.i.embedder.EclipseLogger - Using 'UTF-8' encoding to copy filtered resources.
2020-03-15 18:54:17,579 [Worker-36: Building workspace] INFO  o.e.m.c.i.embedder.EclipseLogger - skip non existing resourceDirectory E:\Satish\Automation\Selenium\15032020\frwk\src\main\resources
2020-03-15 18:54:17,582 [Worker-36: Building workspace] INFO  o.e.m.c.i.embedder.EclipseLogger - Using 'UTF-8' encoding to copy filtered resources.
2020-03-15 18:54:17,582 [Worker-36: Building workspace] INFO  o.e.m.c.i.embedder.EclipseLogger - skip non existing resourceDirectory E:\Satish\Automation\Selenium\15032020\frwk\src\test\resources
2020-03-15 18:54:19,103 [Worker-34: Building workspace] INFO  o.e.m.c.i.embedder.EclipseLogger - Using 'UTF-8' encoding to copy filtered resources.
2020-03-15 18:54:19,104 [Worker-34: Building workspace] INFO  o.e.m.c.i.embedder.EclipseLogger - skip non existing resourceDirectory E:\Satish\Automation\Selenium\15032020\frwk\src\main\resources
2020-03-15 18:54:19,108 [Worker-34: Building workspace] INFO  o.e.m.c.i.embedder.EclipseLogger - Using 'UTF-8' encoding to copy filtered resources.
2020-03-15 18:54:19,109 [Worker-34: Building workspace] INFO  o.e.m.c.i.embedder.EclipseLogger - skip non existing resourceDirectory E:\Satish\Automation\Selenium\15032020\frwk\src\test\resources
2020-03-15 18:54:28,285 [Worker-36: Launching Executing test in E__Satish_Automation_Selenium_15032020_frwk] INFO  o.e.m.i.launch.MavenLaunchDelegate - E:\Satish\Automation\Selenium\15032020\frwk
2020-03-15 18:54:28,285 [Worker-36: Launching Executing test in E__Satish_Automation_Selenium_15032020_frwk] INFO  o.e.m.i.launch.MavenLaunchDelegate -  mvn -B test
2020-03-15 19:05:55,418 [Worker-42: Launching Executing test in E__Satish_Automation_Selenium_15032020_frwk] INFO  o.e.m.i.launch.MavenLaunchDelegate - E:\Satish\Automation\Selenium\15032020\frwk
2020-03-15 19:05:55,418 [Worker-42: Launching Executing test in E__Satish_Automation_Selenium_15032020_frwk] INFO  o.e.m.i.launch.MavenLaunchDelegate -  mvn -B test
2020-03-15 19:07:23,446 [Worker-43: Building workspace] INFO  o.e.m.c.i.embedder.EclipseLogger - Using 'UTF-8' encoding to copy filtered resources.
2020-03-15 19:07:23,446 [Worker-43: Building workspace] INFO  o.e.m.c.i.embedder.EclipseLogger - skip non existing resourceDirectory E:\Satish\Automation\Selenium\15032020\frwk\src\main\resources
2020-03-15 19:07:23,447 [Worker-43: Building workspace] INFO  o.e.m.c.i.embedder.EclipseLogger - Using 'UTF-8' encoding to copy filtered resources.
2020-03-15 19:07:23,447 [Worker-43: Building workspace] INFO  o.e.m.c.i.embedder.EclipseLogger - skip non existing resourceDirectory E:\Satish\Automation\Selenium\15032020\frwk\src\test\resources
2020-03-15 19:09:21,921 [Worker-43: Building workspace] INFO  o.e.m.c.i.l.LifecycleMappingFactory - Using org.eclipse.m2e.jdt.JarLifecycleMapping lifecycle mapping for MavenProject: sel.hybd.test:frmwk:0.0.1-SNAPSHOT @ E:\Satish\Automation\Selenium\15032020\frwk\pom.xml.
2020-03-15 19:09:23,365 [Worker-43: Building workspace] INFO  o.e.m.c.i.embedder.EclipseLogger - Using 'UTF-8' encoding to copy filtered resources.
2020-03-15 19:09:23,365 [Worker-43: Building workspace] INFO  o.e.m.c.i.embedder.EclipseLogger - skip non existing resourceDirectory E:\Satish\Automation\Selenium\15032020\frwk\src\main\resources
2020-03-15 19:09:23,368 [Worker-43: Building workspace] INFO  o.e.m.c.i.embedder.EclipseLogger - Using 'UTF-8' encoding to copy filtered resources.
2020-03-15 19:09:23,368 [Worker-43: Building workspace] INFO  o.e.m.c.i.embedder.EclipseLogger - skip non existing resourceDirectory E:\Satish\Automation\Selenium\15032020\frwk\src\test\resources
2020-03-15 19:09:26,376 [Worker-45: Building workspace] INFO  o.e.m.c.i.embedder.EclipseLogger - Using 'UTF-8' encoding to copy filtered resources.
2020-03-15 19:09:26,377 [Worker-45: Building workspace] INFO  o.e.m.c.i.embedder.EclipseLogger - skip non existing resourceDirectory E:\Satish\Automation\Selenium\15032020\frwk\src\main\resources
2020-03-15 19:09:26,378 [Worker-45: Building workspace] INFO  o.e.m.c.i.embedder.EclipseLogger - Using 'UTF-8' encoding to copy filtered resources.
2020-03-15 19:09:26,378 [Worker-45: Building workspace] INFO  o.e.m.c.i.embedder.EclipseLogger - skip non existing resourceDirectory E:\Satish\Automation\Selenium\15032020\frwk\src\test\resources
2020-03-15 19:10:05,574 [Worker-42: Building workspace] INFO  o.e.m.c.i.l.LifecycleMappingFactory - Using org.eclipse.m2e.jdt.JarLifecycleMapping lifecycle mapping for MavenProject: frwk:frwk:0.0.1-SNAPSHOT @ E:\Satish\Automation\Selenium\15032020\frwk\pom.xml.
2020-03-15 19:10:06,369 [Worker-42: Building workspace] INFO  o.e.m.c.i.embedder.EclipseLogger - Using 'UTF-8' encoding to copy filtered resources.
2020-03-15 19:10:06,370 [Worker-42: Building workspace] INFO  o.e.m.c.i.embedder.EclipseLogger - skip non existing resourceDirectory E:\Satish\Automation\Selenium\15032020\frwk\src\main\resources
2020-03-15 19:10:06,385 [Worker-42: Building workspace] INFO  o.e.m.c.i.embedder.EclipseLogger - Using 'UTF-8' encoding to copy filtered resources.
2020-03-15 19:10:06,385 [Worker-42: Building workspace] INFO  o.e.m.c.i.embedder.EclipseLogger - skip non existing resourceDirectory E:\Satish\Automation\Selenium\15032020\frwk\src\test\resources
2020-03-15 19:10:10,255 [Worker-41: Building workspace] INFO  o.e.m.c.i.embedder.EclipseLogger - Using 'UTF-8' encoding to copy filtered resources.
2020-03-15 19:10:10,255 [Worker-41: Building workspace] INFO  o.e.m.c.i.embedder.EclipseLogger - skip non existing resourceDirectory E:\Satish\Automation\Selenium\15032020\frwk\src\main\resources
2020-03-15 19:10:10,256 [Worker-41: Building workspace] INFO  o.e.m.c.i.embedder.EclipseLogger - Using 'UTF-8' encoding to copy filtered resources.
2020-03-15 19:10:10,257 [Worker-41: Building workspace] INFO  o.e.m.c.i.embedder.EclipseLogger - skip non existing resourceDirectory E:\Satish\Automation\Selenium\15032020\frwk\src\test\resources
2020-03-15 19:11:58,292 [Worker-47: Building workspace] INFO  o.e.m.c.i.embedder.EclipseLogger - Using 'UTF-8' encoding to copy filtered resources.
2020-03-15 19:11:58,292 [Worker-47: Building workspace] INFO  o.e.m.c.i.embedder.EclipseLogger - skip non existing resourceDirectory E:\Satish\Automation\Selenium\15032020\frwk\src\main\resources
2020-03-15 19:11:58,293 [Worker-47: Building workspace] INFO  o.e.m.c.i.embedder.EclipseLogger - Using 'UTF-8' encoding to copy filtered resources.
2020-03-15 19:11:58,293 [Worker-47: Building workspace] INFO  o.e.m.c.i.embedder.EclipseLogger - skip non existing resourceDirectory E:\Satish\Automation\Selenium\15032020\frwk\src\test\resources
2020-03-15 19:13:17,170 [Worker-45: Launching Executing test in E__Satish_Automation_Selenium_15032020_frwk] INFO  o.e.m.i.launch.MavenLaunchDelegate - E:\Satish\Automation\Selenium\15032020\frwk
2020-03-15 19:13:17,170 [Worker-45: Launching Executing test in E__Satish_Automation_Selenium_15032020_frwk] INFO  o.e.m.i.launch.MavenLaunchDelegate -  mvn -B test
2020-03-15 19:14:43,800 [Worker-43: Building workspace] INFO  o.e.m.c.i.embedder.EclipseLogger - Using 'UTF-8' encoding to copy filtered resources.
2020-03-15 19:14:43,800 [Worker-43: Building workspace] INFO  o.e.m.c.i.embedder.EclipseLogger - skip non existing resourceDirectory E:\Satish\Automation\Selenium\15032020\frwk\src\main\resources
2020-03-15 19:14:43,801 [Worker-43: Building workspace] INFO  o.e.m.c.i.embedder.EclipseLogger - Using 'UTF-8' encoding to copy filtered resources.
2020-03-15 19:14:43,801 [Worker-43: Building workspace] INFO  o.e.m.c.i.embedder.EclipseLogger - skip non existing resourceDirectory E:\Satish\Automation\Selenium\15032020\frwk\src\test\resources
2020-03-15 19:15:11,487 [Worker-43: Building workspace] INFO  o.e.m.c.i.embedder.EclipseLogger - Using 'UTF-8' encoding to copy filtered resources.
2020-03-15 19:15:11,488 [Worker-43: Building workspace] INFO  o.e.m.c.i.embedder.EclipseLogger - skip non existing resourceDirectory E:\Satish\Automation\Selenium\15032020\frwk\src\main\resources
2020-03-15 19:15:11,489 [Worker-43: Building workspace] INFO  o.e.m.c.i.embedder.EclipseLogger - Using 'UTF-8' encoding to copy filtered resources.
2020-03-15 19:15:11,489 [Worker-43: Building workspace] INFO  o.e.m.c.i.embedder.EclipseLogger - skip non existing resourceDirectory E:\Satish\Automation\Selenium\15032020\frwk\src\test\resources
2020-03-15 19:16:25,876 [Worker-47: Building workspace] INFO  o.e.m.c.i.l.LifecycleMappingFactory - Using org.eclipse.m2e.jdt.JarLifecycleMapping lifecycle mapping for MavenProject: frwk:frwk:0.0.1-SNAPSHOT @ E:\Satish\Automation\Selenium\15032020\frwk\pom.xml.
2020-03-15 19:16:28,903 [Worker-47: Building workspace] INFO  o.e.m.c.i.embedder.EclipseLogger - Using 'UTF-8' encoding to copy filtered resources.
2020-03-15 19:16:28,903 [Worker-47: Building workspace] INFO  o.e.m.c.i.embedder.EclipseLogger - skip non existing resourceDirectory E:\Satish\Automation\Selenium\15032020\frwk\src\main\resources
2020-03-15 19:16:28,906 [Worker-47: Building workspace] INFO  o.e.m.c.i.embedder.EclipseLogger - Using 'UTF-8' encoding to copy filtered resources.
2020-03-15 19:16:28,906 [Worker-47: Building workspace] INFO  o.e.m.c.i.embedder.EclipseLogger - skip non existing resourceDirectory E:\Satish\Automation\Selenium\15032020\frwk\src\test\resources
2020-03-15 19:16:44,432 [Worker-43: Launching Executing test in E__Satish_Automation_Selenium_15032020_frwk] INFO  o.e.m.i.launch.MavenLaunchDelegate - E:\Satish\Automation\Selenium\15032020\frwk
2020-03-15 19:16:44,432 [Worker-43: Launching Executing test in E__Satish_Automation_Selenium_15032020_frwk] INFO  o.e.m.i.launch.MavenLaunchDelegate -  mvn -B test
2020-03-15 19:17:43,700 [Worker-47: Building workspace] INFO  o.e.m.c.i.embedder.EclipseLogger - Using 'UTF-8' encoding to copy filtered resources.
2020-03-15 19:17:43,700 [Worker-47: Building workspace] INFO  o.e.m.c.i.embedder.EclipseLogger - skip non existing resourceDirectory E:\Satish\Automation\Selenium\15032020\frwk\src\main\resources
2020-03-15 19:17:43,702 [Worker-47: Building workspace] INFO  o.e.m.c.i.embedder.EclipseLogger - Using 'UTF-8' encoding to copy filtered resources.
2020-03-15 19:17:43,702 [Worker-47: Building workspace] INFO  o.e.m.c.i.embedder.EclipseLogger - skip non existing resourceDirectory E:\Satish\Automation\Selenium\15032020\frwk\src\test\resources
2020-03-15 19:18:31,195 [Worker-45: Building workspace] INFO  o.e.m.c.i.l.LifecycleMappingFactory - Using org.eclipse.m2e.jdt.JarLifecycleMapping lifecycle mapping for MavenProject: frwk:frwk:0.0.1-SNAPSHOT @ E:\Satish\Automation\Selenium\15032020\frwk\pom.xml.
2020-03-15 19:18:33,645 [Worker-45: Building workspace] INFO  o.e.m.c.i.embedder.EclipseLogger - Using 'UTF-8' encoding to copy filtered resources.
2020-03-15 19:18:33,645 [Worker-45: Building workspace] INFO  o.e.m.c.i.embedder.EclipseLogger - skip non existing resourceDirectory E:\Satish\Automation\Selenium\15032020\frwk\src\main\resources
2020-03-15 19:18:33,648 [Worker-45: Building workspace] INFO  o.e.m.c.i.embedder.EclipseLogger - Using 'UTF-8' encoding to copy filtered resources.
2020-03-15 19:18:33,648 [Worker-45: Building workspace] INFO  o.e.m.c.i.embedder.EclipseLogger - skip non existing resourceDirectory E:\Satish\Automation\Selenium\15032020\frwk\src\test\resources
2020-03-15 19:20:01,000 [Worker-48: Launching Executing test in E__Satish_Automation_Selenium_15032020_frwk] INFO  o.e.m.i.launch.MavenLaunchDelegate - E:\Satish\Automation\Selenium\15032020\frwk
2020-03-15 19:20:01,000 [Worker-48: Launching Executing test in E__Satish_Automation_Selenium_15032020_frwk] INFO  o.e.m.i.launch.MavenLaunchDelegate -  mvn -B test
2020-03-15 19:20:50,826 [Worker-43: Building workspace] INFO  o.e.m.c.i.embedder.EclipseLogger - Using 'UTF-8' encoding to copy filtered resources.
2020-03-15 19:20:50,826 [Worker-43: Building workspace] INFO  o.e.m.c.i.embedder.EclipseLogger - skip non existing resourceDirectory E:\Satish\Automation\Selenium\15032020\frwk\src\main\resources
2020-03-15 19:20:50,827 [Worker-43: Building workspace] INFO  o.e.m.c.i.embedder.EclipseLogger - Using 'UTF-8' encoding to copy filtered resources.
2020-03-15 19:20:50,828 [Worker-43: Building workspace] INFO  o.e.m.c.i.embedder.EclipseLogger - skip non existing resourceDirectory E:\Satish\Automation\Selenium\15032020\frwk\src\test\resources
2020-03-15 19:20:58,239 [Worker-45: Launching Executing test in E__Satish_Automation_Selenium_15032020_frwk] INFO  o.e.m.i.launch.MavenLaunchDelegate - E:\Satish\Automation\Selenium\15032020\frwk
2020-03-15 19:20:58,239 [Worker-45: Launching Executing test in E__Satish_Automation_Selenium_15032020_frwk] INFO  o.e.m.i.launch.MavenLaunchDelegate -  mvn -B test
2020-03-15 19:21:44,998 [Worker-46: Building workspace] INFO  o.e.m.c.i.embedder.EclipseLogger - Using 'UTF-8' encoding to copy filtered resources.
2020-03-15 19:21:44,998 [Worker-46: Building workspace] INFO  o.e.m.c.i.embedder.EclipseLogger - skip non existing resourceDirectory E:\Satish\Automation\Selenium\15032020\frwk\src\main\resources
2020-03-15 19:21:45,000 [Worker-46: Building workspace] INFO  o.e.m.c.i.embedder.EclipseLogger - Using 'UTF-8' encoding to copy filtered resources.
2020-03-15 19:21:45,000 [Worker-46: Building workspace] INFO  o.e.m.c.i.embedder.EclipseLogger - skip non existing resourceDirectory E:\Satish\Automation\Selenium\15032020\frwk\src\test\resources
2020-03-17 19:53:34,652 [Worker-56: Launching Executing test in E__Satish_Automation_Selenium_15032020_frwk] INFO  o.e.m.i.launch.MavenLaunchDelegate - E:\Satish\Automation\Selenium\15032020\frwk
2020-03-17 19:53:34,652 [Worker-56: Launching Executing test in E__Satish_Automation_Selenium_15032020_frwk] INFO  o.e.m.i.launch.MavenLaunchDelegate -  mvn -B test
2020-03-17 20:01:30,776 [Worker-56: Building workspace] INFO  o.e.m.c.i.embedder.EclipseLogger - Using 'UTF-8' encoding to copy filtered resources.
2020-03-17 20:01:30,776 [Worker-56: Building workspace] INFO  o.e.m.c.i.embedder.EclipseLogger - skip non existing resourceDirectory E:\Satish\Automation\Selenium\15032020\frwk\src\main\resources
2020-03-17 20:01:30,800 [Worker-56: Building workspace] INFO  o.e.m.c.i.embedder.EclipseLogger - Using 'UTF-8' encoding to copy filtered resources.
2020-03-17 20:01:30,800 [Worker-56: Building workspace] INFO  o.e.m.c.i.embedder.EclipseLogger - skip non existing resourceDirectory E:\Satish\Automation\Selenium\15032020\frwk\src\test\resources
